[debug] [2025-06-17T05:28:37.411Z] ----------------------------------------------------------------------
[debug] [2025-06-17T05:28:37.414Z] Command:       C:\Program Files\nodejs\node.exe C:\Users\karth\AppData\Roaming\npm\node_modules\firebase-tools\lib\bin\firebase.js deploy --only hosting:hr360e
[debug] [2025-06-17T05:28:37.414Z] CLI Version:   14.2.0
[debug] [2025-06-17T05:28:37.414Z] Platform:      win32
[debug] [2025-06-17T05:28:37.414Z] Node Version:  v23.10.0
[debug] [2025-06-17T05:28:37.415Z] Time:          Tue Jun 17 2025 10:58:37 GMT+0530 (India Standard Time)
[debug] [2025-06-17T05:28:37.415Z] ----------------------------------------------------------------------
[debug] 
[debug] [2025-06-17T05:28:37.636Z] > command requires scopes: ["email","openid","https://www.googleapis.com/auth/cloudplatformprojects.readonly","https://www.googleapis.com/auth/firebase","https://www.googleapis.com/auth/cloud-platform"]
[debug] [2025-06-17T05:28:37.636Z] > authorizing via signed-in user (karthikeyandeveloper0307@gmail.com)
[debug] [2025-06-17T05:28:37.636Z] [iam] checking project hosting for permissions ["firebase.projects.get","firebasehosting.sites.update"]
[debug] [2025-06-17T05:28:37.638Z] Checked if tokens are valid: false, expires at: 1750072273123
[debug] [2025-06-17T05:28:37.638Z] Checked if tokens are valid: false, expires at: 1750072273123
[debug] [2025-06-17T05:28:37.638Z] > refreshing access token with scopes: []
[debug] [2025-06-17T05:28:37.640Z] >>> [apiv2][query] POST https://www.googleapis.com/oauth2/v3/token [none]
[debug] [2025-06-17T05:28:37.640Z] >>> [apiv2][body] POST https://www.googleapis.com/oauth2/v3/token [omitted]
[debug] [2025-06-17T05:28:38.000Z] <<< [apiv2][status] POST https://www.googleapis.com/oauth2/v3/token 200
[debug] [2025-06-17T05:28:38.001Z] <<< [apiv2][body] POST https://www.googleapis.com/oauth2/v3/token [omitted]
[debug] [2025-06-17T05:28:38.013Z] >>> [apiv2][query] POST https://cloudresourcemanager.googleapis.com/v1/projects/hosting:testIamPermissions [none]
[debug] [2025-06-17T05:28:38.013Z] >>> [apiv2][(partial)header] POST https://cloudresourcemanager.googleapis.com/v1/projects/hosting:testIamPermissions x-goog-quota-user=projects/hosting
[debug] [2025-06-17T05:28:38.013Z] >>> [apiv2][body] POST https://cloudresourcemanager.googleapis.com/v1/projects/hosting:testIamPermissions {"permissions":["firebase.projects.get","firebasehosting.sites.update"]}
[debug] [2025-06-17T05:28:39.452Z] <<< [apiv2][status] POST https://cloudresourcemanager.googleapis.com/v1/projects/hosting:testIamPermissions 200
[debug] [2025-06-17T05:28:39.452Z] <<< [apiv2][body] POST https://cloudresourcemanager.googleapis.com/v1/projects/hosting:testIamPermissions {}
[debug] [2025-06-17T05:28:39.452Z] [iam] error while checking permissions, command may fail: Authorization failed. This account is missing the following required permissions on project hosting:

  firebase.projects.get
  firebasehosting.sites.update
[debug] [2025-06-17T05:28:39.453Z] Checked if tokens are valid: true, expires at: 1750141717001
[debug] [2025-06-17T05:28:39.453Z] Checked if tokens are valid: true, expires at: 1750141717001
[debug] [2025-06-17T05:28:39.453Z] >>> [apiv2][query] GET https://firebase.googleapis.com/v1beta1/projects/hosting [none]
[debug] [2025-06-17T05:28:40.003Z] <<< [apiv2][status] GET https://firebase.googleapis.com/v1beta1/projects/hosting 403
[debug] [2025-06-17T05:28:40.003Z] <<< [apiv2][body] GET https://firebase.googleapis.com/v1beta1/projects/hosting {"error":{"code":403,"message":"The caller does not have permission","status":"PERMISSION_DENIED"}}
[debug] [2025-06-17T05:28:40.004Z] Request to https://firebase.googleapis.com/v1beta1/projects/hosting had HTTP Error: 403, The caller does not have permission
[debug] [2025-06-17T05:28:40.338Z] FirebaseError: Request to https://firebase.googleapis.com/v1beta1/projects/hosting had HTTP Error: 403, The caller does not have permission
    at responseToError (C:\Users\karth\AppData\Roaming\npm\node_modules\firebase-tools\lib\responseToError.js:52:12)
    at RetryOperation._fn (C:\Users\karth\AppData\Roaming\npm\node_modules\firebase-tools\lib\apiv2.js:312:77)
    at process.processTicksAndRejections (node:internal/process/task_queues:105:5)
[error] 
[error] Error: Failed to get Firebase project hosting. Please make sure the project exists and your account has permission to access it.
